<?xml version="1.0" encoding="UTF-8"?>
<testsuite xmlns:xsi="http://www.w3.org/2001/XMLSchema-instance" xsi:noNamespaceSchemaLocation="https://maven.apache.org/surefire/maven-surefire-plugin/xsd/surefire-test-report-3.0.xsd" version="3.0" name="AreaCheckerTest" time="0.017" tests="1" errors="0" skipped="0" failures="0">
  <properties>
    <property name="java.specification.version" value="23"/>
    <property name="sun.jnu.encoding" value="UTF-8"/>
    <property name="java.class.path" value="/Users/daniilandreev/Documents/GitHub/weeb_lab3/target/test-classes:/Users/daniilandreev/Documents/GitHub/weeb_lab3/target/classes:/Users/daniilandreev/.m2/repository/junit/junit/3.8.1/junit-3.8.1.jar:/Users/daniilandreev/.m2/repository/jakarta/platform/jakarta.jakartaee-web-api/10.0.0/jakarta.jakartaee-web-api-10.0.0.jar:/Users/daniilandreev/.m2/repository/jakarta/servlet/jakarta.servlet-api/6.0.0/jakarta.servlet-api-6.0.0.jar:/Users/daniilandreev/.m2/repository/jakarta/servlet/jsp/jakarta.servlet.jsp-api/3.1.0/jakarta.servlet.jsp-api-3.1.0.jar:/Users/daniilandreev/.m2/repository/jakarta/el/jakarta.el-api/5.0.1/jakarta.el-api-5.0.1.jar:/Users/daniilandreev/.m2/repository/jakarta/servlet/jsp/jstl/jakarta.servlet.jsp.jstl-api/3.0.0/jakarta.servlet.jsp.jstl-api-3.0.0.jar:/Users/daniilandreev/.m2/repository/jakarta/faces/jakarta.faces-api/4.0.1/jakarta.faces-api-4.0.1.jar:/Users/daniilandreev/.m2/repository/jakarta/ws/rs/jakarta.ws.rs-api/3.1.0/jakarta.ws.rs-api-3.1.0.jar:/Users/daniilandreev/.m2/repository/jakarta/websocket/jakarta.websocket-api/2.1.0/jakarta.websocket-api-2.1.0.jar:/Users/daniilandreev/.m2/repository/jakarta/websocket/jakarta.websocket-client-api/2.1.0/jakarta.websocket-client-api-2.1.0.jar:/Users/daniilandreev/.m2/repository/jakarta/json/jakarta.json-api/2.1.0/jakarta.json-api-2.1.0.jar:/Users/daniilandreev/.m2/repository/jakarta/json/bind/jakarta.json.bind-api/3.0.0/jakarta.json.bind-api-3.0.0.jar:/Users/daniilandreev/.m2/repository/jakarta/annotation/jakarta.annotation-api/2.1.1/jakarta.annotation-api-2.1.1.jar:/Users/daniilandreev/.m2/repository/jakarta/ejb/jakarta.ejb-api/4.0.1/jakarta.ejb-api-4.0.1.jar:/Users/daniilandreev/.m2/repository/jakarta/transaction/jakarta.transaction-api/2.0.1/jakarta.transaction-api-2.0.1.jar:/Users/daniilandreev/.m2/repository/jakarta/persistence/jakarta.persistence-api/3.1.0/jakarta.persistence-api-3.1.0.jar:/Users/daniilandreev/.m2/repository/jakarta/validation/jakarta.validation-api/3.0.2/jakarta.validation-api-3.0.2.jar:/Users/daniilandreev/.m2/repository/jakarta/interceptor/jakarta.interceptor-api/2.1.0/jakarta.interceptor-api-2.1.0.jar:/Users/daniilandreev/.m2/repository/jakarta/enterprise/jakarta.enterprise.cdi-api/4.0.1/jakarta.enterprise.cdi-api-4.0.1.jar:/Users/daniilandreev/.m2/repository/jakarta/enterprise/jakarta.enterprise.lang-model/4.0.1/jakarta.enterprise.lang-model-4.0.1.jar:/Users/daniilandreev/.m2/repository/jakarta/inject/jakarta.inject-api/2.0.1/jakarta.inject-api-2.0.1.jar:/Users/daniilandreev/.m2/repository/jakarta/authentication/jakarta.authentication-api/3.0.0/jakarta.authentication-api-3.0.0.jar:/Users/daniilandreev/.m2/repository/jakarta/security/enterprise/jakarta.security.enterprise-api/3.0.0/jakarta.security.enterprise-api-3.0.0.jar:/Users/daniilandreev/.m2/repository/org/glassfish/jakarta.faces/4.0.1/jakarta.faces-4.0.1.jar:/Users/daniilandreev/.m2/repository/org/primefaces/primefaces/13.0.0/primefaces-13.0.0.jar:/Users/daniilandreev/.m2/repository/org/projectlombok/lombok/1.18.28/lombok-1.18.28.jar:/Users/daniilandreev/.m2/repository/org/eclipse/persistence/org.eclipse.persistence.jpa/2.7.8/org.eclipse.persistence.jpa-2.7.8.jar:/Users/daniilandreev/.m2/repository/org/eclipse/persistence/jakarta.persistence/2.2.3/jakarta.persistence-2.2.3.jar:/Users/daniilandreev/.m2/repository/org/eclipse/persistence/org.eclipse.persistence.asm/2.7.8/org.eclipse.persistence.asm-2.7.8.jar:/Users/daniilandreev/.m2/repository/org/eclipse/persistence/org.eclipse.persistence.antlr/2.7.8/org.eclipse.persistence.antlr-2.7.8.jar:/Users/daniilandreev/.m2/repository/org/eclipse/persistence/org.eclipse.persistence.jpa.jpql/2.7.8/org.eclipse.persistence.jpa.jpql-2.7.8.jar:/Users/daniilandreev/.m2/repository/org/eclipse/persistence/org.eclipse.persistence.core/2.7.8/org.eclipse.persistence.core-2.7.8.jar:/Users/daniilandreev/.m2/repository/org/postgresql/postgresql/42.6.0/postgresql-42.6.0.jar:/Users/daniilandreev/.m2/repository/org/checkerframework/checker-qual/3.31.0/checker-qual-3.31.0.jar:/Users/daniilandreev/.m2/repository/org/junit/jupiter/junit-jupiter/5.13.0/junit-jupiter-5.13.0.jar:/Users/daniilandreev/.m2/repository/org/junit/jupiter/junit-jupiter-api/5.13.0/junit-jupiter-api-5.13.0.jar:/Users/daniilandreev/.m2/repository/org/opentest4j/opentest4j/1.3.0/opentest4j-1.3.0.jar:/Users/daniilandreev/.m2/repository/org/junit/platform/junit-platform-commons/1.13.0/junit-platform-commons-1.13.0.jar:/Users/daniilandreev/.m2/repository/org/apiguardian/apiguardian-api/1.1.2/apiguardian-api-1.1.2.jar:/Users/daniilandreev/.m2/repository/org/junit/jupiter/junit-jupiter-params/5.13.0/junit-jupiter-params-5.13.0.jar:/Users/daniilandreev/.m2/repository/org/junit/jupiter/junit-jupiter-engine/5.13.0/junit-jupiter-engine-5.13.0.jar:/Users/daniilandreev/.m2/repository/org/junit/platform/junit-platform-engine/1.13.0/junit-platform-engine-1.13.0.jar:"/>
    <property name="java.vm.vendor" value="Homebrew"/>
    <property name="sun.arch.data.model" value="64"/>
    <property name="java.vendor.url" value="https://github.com/Homebrew/homebrew-core/issues"/>
    <property name="os.name" value="Mac OS X"/>
    <property name="java.vm.specification.version" value="23"/>
    <property name="sun.java.launcher" value="SUN_STANDARD"/>
    <property name="user.country" value="RU"/>
    <property name="sun.boot.library.path" value="/opt/homebrew/Cellar/openjdk/23.0.2/libexec/openjdk.jdk/Contents/Home/lib"/>
    <property name="sun.java.command" value="/Users/daniilandreev/Documents/GitHub/weeb_lab3/target/surefire/surefirebooter-20250607112036012_3.jar /Users/daniilandreev/Documents/GitHub/weeb_lab3/target/surefire 2025-06-07T11-20-35_969-jvmRun1 surefire-20250607112036012_1tmp surefire_0-20250607112036012_2tmp"/>
    <property name="http.nonProxyHosts" value="local|*.local|169.254/16|*.169.254/16"/>
    <property name="jdk.debug" value="release"/>
    <property name="surefire.test.class.path" value="/Users/daniilandreev/Documents/GitHub/weeb_lab3/target/test-classes:/Users/daniilandreev/Documents/GitHub/weeb_lab3/target/classes:/Users/daniilandreev/.m2/repository/junit/junit/3.8.1/junit-3.8.1.jar:/Users/daniilandreev/.m2/repository/jakarta/platform/jakarta.jakartaee-web-api/10.0.0/jakarta.jakartaee-web-api-10.0.0.jar:/Users/daniilandreev/.m2/repository/jakarta/servlet/jakarta.servlet-api/6.0.0/jakarta.servlet-api-6.0.0.jar:/Users/daniilandreev/.m2/repository/jakarta/servlet/jsp/jakarta.servlet.jsp-api/3.1.0/jakarta.servlet.jsp-api-3.1.0.jar:/Users/daniilandreev/.m2/repository/jakarta/el/jakarta.el-api/5.0.1/jakarta.el-api-5.0.1.jar:/Users/daniilandreev/.m2/repository/jakarta/servlet/jsp/jstl/jakarta.servlet.jsp.jstl-api/3.0.0/jakarta.servlet.jsp.jstl-api-3.0.0.jar:/Users/daniilandreev/.m2/repository/jakarta/faces/jakarta.faces-api/4.0.1/jakarta.faces-api-4.0.1.jar:/Users/daniilandreev/.m2/repository/jakarta/ws/rs/jakarta.ws.rs-api/3.1.0/jakarta.ws.rs-api-3.1.0.jar:/Users/daniilandreev/.m2/repository/jakarta/websocket/jakarta.websocket-api/2.1.0/jakarta.websocket-api-2.1.0.jar:/Users/daniilandreev/.m2/repository/jakarta/websocket/jakarta.websocket-client-api/2.1.0/jakarta.websocket-client-api-2.1.0.jar:/Users/daniilandreev/.m2/repository/jakarta/json/jakarta.json-api/2.1.0/jakarta.json-api-2.1.0.jar:/Users/daniilandreev/.m2/repository/jakarta/json/bind/jakarta.json.bind-api/3.0.0/jakarta.json.bind-api-3.0.0.jar:/Users/daniilandreev/.m2/repository/jakarta/annotation/jakarta.annotation-api/2.1.1/jakarta.annotation-api-2.1.1.jar:/Users/daniilandreev/.m2/repository/jakarta/ejb/jakarta.ejb-api/4.0.1/jakarta.ejb-api-4.0.1.jar:/Users/daniilandreev/.m2/repository/jakarta/transaction/jakarta.transaction-api/2.0.1/jakarta.transaction-api-2.0.1.jar:/Users/daniilandreev/.m2/repository/jakarta/persistence/jakarta.persistence-api/3.1.0/jakarta.persistence-api-3.1.0.jar:/Users/daniilandreev/.m2/repository/jakarta/validation/jakarta.validation-api/3.0.2/jakarta.validation-api-3.0.2.jar:/Users/daniilandreev/.m2/repository/jakarta/interceptor/jakarta.interceptor-api/2.1.0/jakarta.interceptor-api-2.1.0.jar:/Users/daniilandreev/.m2/repository/jakarta/enterprise/jakarta.enterprise.cdi-api/4.0.1/jakarta.enterprise.cdi-api-4.0.1.jar:/Users/daniilandreev/.m2/repository/jakarta/enterprise/jakarta.enterprise.lang-model/4.0.1/jakarta.enterprise.lang-model-4.0.1.jar:/Users/daniilandreev/.m2/repository/jakarta/inject/jakarta.inject-api/2.0.1/jakarta.inject-api-2.0.1.jar:/Users/daniilandreev/.m2/repository/jakarta/authentication/jakarta.authentication-api/3.0.0/jakarta.authentication-api-3.0.0.jar:/Users/daniilandreev/.m2/repository/jakarta/security/enterprise/jakarta.security.enterprise-api/3.0.0/jakarta.security.enterprise-api-3.0.0.jar:/Users/daniilandreev/.m2/repository/org/glassfish/jakarta.faces/4.0.1/jakarta.faces-4.0.1.jar:/Users/daniilandreev/.m2/repository/org/primefaces/primefaces/13.0.0/primefaces-13.0.0.jar:/Users/daniilandreev/.m2/repository/org/projectlombok/lombok/1.18.28/lombok-1.18.28.jar:/Users/daniilandreev/.m2/repository/org/eclipse/persistence/org.eclipse.persistence.jpa/2.7.8/org.eclipse.persistence.jpa-2.7.8.jar:/Users/daniilandreev/.m2/repository/org/eclipse/persistence/jakarta.persistence/2.2.3/jakarta.persistence-2.2.3.jar:/Users/daniilandreev/.m2/repository/org/eclipse/persistence/org.eclipse.persistence.asm/2.7.8/org.eclipse.persistence.asm-2.7.8.jar:/Users/daniilandreev/.m2/repository/org/eclipse/persistence/org.eclipse.persistence.antlr/2.7.8/org.eclipse.persistence.antlr-2.7.8.jar:/Users/daniilandreev/.m2/repository/org/eclipse/persistence/org.eclipse.persistence.jpa.jpql/2.7.8/org.eclipse.persistence.jpa.jpql-2.7.8.jar:/Users/daniilandreev/.m2/repository/org/eclipse/persistence/org.eclipse.persistence.core/2.7.8/org.eclipse.persistence.core-2.7.8.jar:/Users/daniilandreev/.m2/repository/org/postgresql/postgresql/42.6.0/postgresql-42.6.0.jar:/Users/daniilandreev/.m2/repository/org/checkerframework/checker-qual/3.31.0/checker-qual-3.31.0.jar:/Users/daniilandreev/.m2/repository/org/junit/jupiter/junit-jupiter/5.13.0/junit-jupiter-5.13.0.jar:/Users/daniilandreev/.m2/repository/org/junit/jupiter/junit-jupiter-api/5.13.0/junit-jupiter-api-5.13.0.jar:/Users/daniilandreev/.m2/repository/org/opentest4j/opentest4j/1.3.0/opentest4j-1.3.0.jar:/Users/daniilandreev/.m2/repository/org/junit/platform/junit-platform-commons/1.13.0/junit-platform-commons-1.13.0.jar:/Users/daniilandreev/.m2/repository/org/apiguardian/apiguardian-api/1.1.2/apiguardian-api-1.1.2.jar:/Users/daniilandreev/.m2/repository/org/junit/jupiter/junit-jupiter-params/5.13.0/junit-jupiter-params-5.13.0.jar:/Users/daniilandreev/.m2/repository/org/junit/jupiter/junit-jupiter-engine/5.13.0/junit-jupiter-engine-5.13.0.jar:/Users/daniilandreev/.m2/repository/org/junit/platform/junit-platform-engine/1.13.0/junit-platform-engine-1.13.0.jar:"/>
    <property name="sun.cpu.endian" value="little"/>
    <property name="user.home" value="/Users/daniilandreev"/>
    <property name="user.language" value="ru"/>
    <property name="java.specification.vendor" value="Oracle Corporation"/>
    <property name="java.version.date" value="2025-01-21"/>
    <property name="java.home" value="/opt/homebrew/Cellar/openjdk/23.0.2/libexec/openjdk.jdk/Contents/Home"/>
    <property name="file.separator" value="/"/>
    <property name="basedir" value="/Users/daniilandreev/Documents/GitHub/weeb_lab3"/>
    <property name="java.vm.compressedOopsMode" value="Zero based"/>
    <property name="line.separator" value="&#10;"/>
    <property name="java.vm.specification.vendor" value="Oracle Corporation"/>
    <property name="java.specification.name" value="Java Platform API Specification"/>
    <property name="apple.awt.application.name" value="ForkedBooter"/>
    <property name="surefire.real.class.path" value="/Users/daniilandreev/Documents/GitHub/weeb_lab3/target/surefire/surefirebooter-20250607112036012_3.jar"/>
    <property name="sun.management.compiler" value="HotSpot 64-Bit Tiered Compilers"/>
    <property name="ftp.nonProxyHosts" value="local|*.local|169.254/16|*.169.254/16"/>
    <property name="java.runtime.version" value="23.0.2"/>
    <property name="user.name" value="daniilandreev"/>
    <property name="stdout.encoding" value="UTF-8"/>
    <property name="path.separator" value=":"/>
    <property name="os.version" value="15.4.1"/>
    <property name="java.runtime.name" value="OpenJDK Runtime Environment"/>
    <property name="file.encoding" value="UTF-8"/>
    <property name="java.vm.name" value="OpenJDK 64-Bit Server VM"/>
    <property name="java.vendor.version" value="Homebrew"/>
    <property name="localRepository" value="/Users/daniilandreev/.m2/repository"/>
    <property name="java.vendor.url.bug" value="https://github.com/Homebrew/homebrew-core/issues"/>
    <property name="java.io.tmpdir" value="/var/folders/h6/zc8763kx52g0qx1_ss4_r6fr0000gn/T/"/>
    <property name="java.version" value="23.0.2"/>
    <property name="user.dir" value="/Users/daniilandreev/Documents/GitHub/weeb_lab3"/>
    <property name="os.arch" value="aarch64"/>
    <property name="java.vm.specification.name" value="Java Virtual Machine Specification"/>
    <property name="native.encoding" value="UTF-8"/>
    <property name="java.library.path" value="/Users/daniilandreev/Library/Java/Extensions:/Library/Java/Extensions:/Network/Library/Java/Extensions:/System/Library/Java/Extensions:/usr/lib/java:."/>
    <property name="java.vm.info" value="mixed mode, sharing"/>
    <property name="stderr.encoding" value="UTF-8"/>
    <property name="java.vendor" value="Homebrew"/>
    <property name="java.vm.version" value="23.0.2"/>
    <property name="sun.io.unicode.encoding" value="UnicodeBig"/>
    <property name="socksNonProxyHosts" value="local|*.local|169.254/16|*.169.254/16"/>
    <property name="java.class.version" value="67.0"/>
  </properties>
  <testcase name="testCheckInside" classname="AreaCheckerTest" time="0.009"/>
</testsuite>